

 ·-----------------------------------------|--------------------------------|--------------------------------·
 |  Solc version: 0.8.18                   ·  Optimizer enabled: true       ·  Runs: 200                     │
 ··········································|································|·································
 |  Contract Name                          ·  Deployed size (KiB) (change)  ·  Initcode size (KiB) (change)  │
 ··········································|································|·································
 |  ABDKMath64x64                          ·                 0.084 (0.000)  ·                 0.138 (0.000)  │
 ··········································|································|·································
 |  Address                                ·                 0.084 (0.000)  ·                 0.138 (0.000)  │
 ··········································|································|·································
 |  Address                                ·                 0.084 (0.000)  ·                 0.118 (0.000)  │
 ··········································|································|·································
 |  AddressQueueStorage                    ·                 5.473 (0.000)  ·                 5.600 (0.000)  │
 ··········································|································|·································
 |  AddressSetStorage                      ·                 3.764 (0.000)  ·                 3.891 (0.000)  │
 ··········································|································|·································
 |  AddressUpgradeable                     ·                 0.084 (0.000)  ·                 0.138 (0.000)  │
 ··········································|································|·································
 |  AdminTreasury                          ·                 6.060 (0.000)  ·                 6.728 (0.000)  │
 ··········································|································|·································
 |  Clones                                 ·                 0.084 (0.000)  ·                 0.118 (0.000)  │
 ··········································|································|·································
 |  console                                ·                 0.084 (0.000)  ·                 0.138 (0.000)  │
 ··········································|································|·································
 |  Constants                              ·                 1.587 (0.000)  ·                 1.644 (0.000)  │
 ··········································|································|·································
 |  Deployer                               ·                 0.062 (0.000)  ·                 0.090 (0.000)  │
 ··········································|································|·································
 |  FundRouter                            ·                 8.874 (0.000)  ·                 9.542 (0.000)  │
 ··········································|································|·································
 |  Directory                              ·                11.056 (0.000)  ·                11.438 (0.000)  │
 ··········································|································|·································
 |  ECDSA                                  ·                 0.084 (0.000)  ·                 0.138 (0.000)  │
 ··········································|································|·································
 |  ERC1967Proxy                           ·                 0.683 (0.000)  ·                 1.788 (0.000)  │
 ··········································|································|·································
 |  ERC20                                  ·                 2.256 (0.000)  ·                 3.007 (0.000)  │
 ··········································|································|·································
 |  ERC20                                  ·                 2.080 (0.000)  ·                 2.818 (0.000)  │
 ··········································|································|·································
 |  ERC20Upgradeable                       ·                 2.087 (0.000)  ·                 2.118 (0.000)  │
 ··········································|································|·································
 |  Errors                                 ·                 0.062 (0.000)  ·                 0.090 (0.000)  │
 ··········································|································|·································
 |  Math                                   ·                 0.084 (0.000)  ·                 0.138 (0.000)  │
 ··········································|································|·································
 |  MathUpgradeable                        ·                 0.084 (0.000)  ·                 0.138 (0.000)  │
 ··········································|································|·································
 |  MerkleProof                            ·                 0.084 (0.000)  ·                 0.138 (0.000)  │
 ··········································|································|·································
 |  MerkleProof                            ·                 0.084 (0.000)  ·                 0.118 (0.000)  │
 ··········································|································|·································
 |  MockERC20                              ·                 3.080 (0.000)  ·                 4.189 (0.000)  │
 ··········································|································|·································
 |  MockMinipool                           ·                 1.762 (0.000)  ·                 1.793 (0.000)  │
 ··········································|································|·································
 |  MockPriceFetcher                       ·                 3.317 (0.000)  ·                 3.693 (0.000)  │
 ··········································|································|·································
 |  MockRETHOracle                         ·                 0.168 (0.000)  ·                 0.202 (0.000)  │
 ··········································|································|·································
 |  MockRocketNodeManager                  ·                 0.726 (0.000)  ·                 0.757 (0.000)  │
 ··········································|································|·································
 |  MockRocketNodeStaking                  ·                 0.694 (0.000)  ·                 0.726 (0.000)  │
 ··········································|································|·································
 |  MockRocketStorage                      ·                 0.393 (0.000)  ·                 0.424 (0.000)  │
 ··········································|································|·································
 |  MockSanctions                          ·                 0.259 (0.000)  ·                 0.290 (0.000)  │
 ··········································|································|·································
 |  MockUniswapV3Pool                      ·                 0.251 (0.000)  ·                 0.299 (0.000)  │
 ··········································|································|·································
 |  OperatorDistributor                    ·                13.182 (0.000)  ·                13.850 (0.000)  │
 ··········································|································|·································
 |  PenaltyTest                            ·                 0.893 (0.000)  ·                 1.013 (0.000)  │
 ··········································|································|·································
 |  PriceFetcher                           ·                 4.051 (0.000)  ·                 4.427 (0.000)  │
 ··········································|································|·································
 |  ProtocolMath                           ·                 0.145 (0.000)  ·                 0.199 (0.000)  │
 ··········································|································|·································
 |  ProtocolMathTest                       ·                 3.812 (0.000)  ·                 3.843 (0.000)  │
 ··········································|································|·································
 |  RevertOnTransfer                       ·                 0.062 (0.000)  ·                 0.090 (0.000)  │
 ··········································|································|·································
 |  RocketAuctionManager                   ·                 9.606 (0.000)  ·                 9.733 (0.000)  │
 ··········································|································|·································
 |  RocketClaimDAO                         ·                 5.758 (0.000)  ·                 5.933 (0.000)  │
 ··········································|································|·································
 |  RocketClaimDAOOld                      ·                 1.747 (0.000)  ·                 1.874 (0.000)  │
 ··········································|································|·································
 |  RocketDAONodeTrusted                   ·                14.063 (0.000)  ·                14.189 (0.000)  │
 ··········································|································|·································
 |  RocketDAONodeTrustedActions            ·                15.712 (0.000)  ·                15.839 (0.000)  │
 ··········································|································|·································
 |  RocketDAONodeTrustedProposals          ·                13.729 (0.000)  ·                13.856 (0.000)  │
 ··········································|································|·································
 |  RocketDAONodeTrustedSettingsMembers    ·                 4.065 (0.000)  ·                 6.323 (0.000)  │
 ··········································|································|·································
 |  RocketDAONodeTrustedSettingsMinipool   ·                 4.693 (0.000)  ·                 7.697 (0.000)  │
 ··········································|································|·································
 |  RocketDAONodeTrustedSettingsProposals  ·                 3.547 (0.000)  ·                 5.380 (0.000)  │
 ··········································|································|·································
 |  RocketDAONodeTrustedSettingsRewards    ·                 3.658 (0.000)  ·                 5.496 (0.000)  │
 ··········································|································|·································
 |  RocketDAONodeTrustedUpgrade            ·                 8.198 (0.000)  ·                 8.325 (0.000)  │
 ··········································|································|·································
 |  RocketDAOProposal                      ·                15.165 (0.000)  ·                15.292 (0.000)  │
 ··········································|································|·································
 |  RocketDAOProtocol                      ·                 9.442 (0.000)  ·                 9.626 (0.000)  │
 ··········································|································|·································
 |  RocketDAOProtocolActions               ·                 0.133 (0.000)  ·                 0.259 (0.000)  │
 ··········································|································|·································
 |  RocketDAOProtocolOld                   ·                 7.081 (0.000)  ·                 7.252 (0.000)  │
 ··········································|································|·································
 |  RocketDAOProtocolProposal              ·                13.939 (0.000)  ·                14.123 (0.000)  │
 ··········································|································|·································
 |  RocketDAOProtocolProposals             ·                 8.564 (0.000)  ·                 8.742 (0.000)  │
 ··········································|································|·································
 |  RocketDAOProtocolProposalsOld          ·                 5.455 (0.000)  ·                 5.626 (0.000)  │
 ··········································|································|·································
 |  RocketDAOProtocolSettingsAuction       ·                 3.899 (0.000)  ·                 7.021 (0.000)  │
 ··········································|································|·································
 |  RocketDAOProtocolSettingsAuctionOld    ·                 4.826 (0.000)  ·                 7.148 (0.000)  │
 ··········································|································|·································
 |  RocketDAOProtocolSettingsDeposit       ·                 3.289 (0.000)  ·                 5.711 (0.000)  │
 ··········································|································|·································
 |  RocketDAOProtocolSettingsDepositOld    ·                 4.835 (0.000)  ·                 7.111 (0.000)  │
 ··········································|································|·································
 |  RocketDAOProtocolSettingsInflation     ·                 3.617 (0.000)  ·                 6.447 (0.000)  │
 ··········································|································|·································
 |  RocketDAOProtocolSettingsInflationOld  ·                 4.987 (0.000)  ·                 7.620 (0.000)  │
 ··········································|································|·································
 |  RocketDAOProtocolSettingsMinipool      ·                 4.090 (0.000)  ·                 6.826 (0.000)  │
 ··········································|································|·································
 |  RocketDAOProtocolSettingsMinipoolOld   ·                 3.808 (0.000)  ·                 6.195 (0.000)  │
 ··········································|································|·································
 |  RocketDAOProtocolSettingsNetwork       ·                 4.729 (0.000)  ·                 8.436 (0.000)  │
 ··········································|································|·································
 |  RocketDAOProtocolSettingsNetworkOld    ·                 5.688 (0.000)  ·                 8.634 (0.000)  │
 ··········································|································|·································
 |  RocketDAOProtocolSettingsNode          ·                 4.761 (0.000)  ·                 7.017 (0.000)  │
 ··········································|································|·································
 |  RocketDAOProtocolSettingsProposals     ·                 5.081 (0.000)  ·                 9.012 (0.000)  │
 ··········································|································|·································
 |  RocketDAOProtocolSettingsRewards       ·                 4.130 (0.000)  ·                 5.581 (0.000)  │
 ··········································|································|·································
 |  RocketDAOProtocolSettingsRewardsOld    ·                 6.308 (0.000)  ·                 9.497 (0.000)  │
 ··········································|································|·································
 |  RocketDAOProtocolSettingsSecurity      ·                 3.632 (0.000)  ·                 6.269 (0.000)  │
 ··········································|································|·································
 |  RocketDAOProtocolVerifier              ·                14.703 (0.000)  ·                14.887 (0.000)  │
 ··········································|································|·································
 |  RocketDAOSecurity                      ·                 3.036 (0.000)  ·                 3.211 (0.000)  │
 ··········································|································|·································
 |  RocketDAOSecurityActions               ·                 5.402 (0.000)  ·                 5.577 (0.000)  │
 ··········································|································|·································
 |  RocketDAOSecurityProposals             ·                 7.802 (0.000)  ·                 7.977 (0.000)  │
 ··········································|································|·································
 |  RocketDepositPool                      ·                11.981 (0.000)  ·                12.680 (0.000)  │
 ··········································|································|·································
 |  RocketMerkleDistributorMainnet         ·                 5.598 (0.000)  ·                 6.150 (0.000)  │
 ··········································|································|·································
 |  RocketMerkleDistributorMainnetOld      ·                 6.665 (0.000)  ·                 7.266 (0.000)  │
 ··········································|································|·································
 |  RocketMinipoolBase                     ·                 5.166 (0.000)  ·                 5.275 (0.000)  │
 ··········································|································|·································
 |  RocketMinipoolBondReducer              ·                 8.620 (0.000)  ·                 8.794 (0.000)  │
 ··········································|································|·································
 |  RocketMinipoolDelegate                 ·                22.281 (0.000)  ·                22.352 (0.000)  │
 ··········································|································|·································
 |  RocketMinipoolFactory                  ·                 1.701 (0.000)  ·                 1.828 (0.000)  │
 ··········································|································|·································
 |  RocketMinipoolManager                  ·                17.215 (0.000)  ·                17.398 (0.000)  │
 ··········································|································|·································
 |  RocketMinipoolManagerOld               ·                18.969 (0.000)  ·                19.148 (0.000)  │
 ··········································|································|·································
 |  RocketMinipoolPenalty                  ·                 1.612 (0.000)  ·                 1.735 (0.000)  │
 ··········································|································|·································
 |  RocketMinipoolQueue                    ·                 8.325 (0.000)  ·                 8.452 (0.000)  │
 ··········································|································|·································
 |  RocketNetworkBalances                  ·                 4.307 (0.000)  ·                 4.481 (0.000)  │
 ··········································|································|·································
 |  RocketNetworkBalancesOld               ·                 4.487 (0.000)  ·                 4.662 (0.000)  │
 ··········································|································|·································
 |  RocketNetworkFees                      ·                 2.666 (0.000)  ·                 2.793 (0.000)  │
 ··········································|································|·································
 |  RocketNetworkPenalties                 ·                 5.103 (0.000)  ·                 5.229 (0.000)  │
 ··········································|································|·································
 |  RocketNetworkPrices                    ·                 4.037 (0.000)  ·                 4.282 (0.000)  │
 ··········································|································|·································
 |  RocketNetworkPricesOld                 ·                 4.894 (0.000)  ·                 5.403 (0.000)  │
 ··········································|································|·································
 |  RocketNetworkSnapshots                 ·                 3.251 (0.000)  ·                 3.426 (0.000)  │
 ··········································|································|·································
 |  RocketNetworkVoting                    ·                 5.673 (0.000)  ·                 5.895 (0.000)  │
 ··········································|································|·································
 |  RocketNodeDeposit                      ·                 9.896 (0.000)  ·                10.080 (0.000)  │
 ··········································|································|·································
 |  RocketNodeDepositLEB4                  ·                10.012 (0.000)  ·                10.195 (0.000)  │
 ··········································|································|·································
 |  RocketNodeDepositOld                   ·                10.092 (0.000)  ·                10.219 (0.000)  │
 ··········································|································|·································
 |  RocketNodeDistributor                  ·                 0.281 (0.000)  ·                 0.497 (0.000)  │
 ··········································|································|·································
 |  RocketNodeDistributorDelegate          ·                 2.280 (0.000)  ·                 2.563 (0.000)  │
 ··········································|································|·································
 |  RocketNodeDistributorFactory           ·                 1.813 (0.000)  ·                 1.940 (0.000)  │
 ··········································|································|·································
 |  RocketNodeManager                      ·                16.276 (0.000)  ·                16.460 (0.000)  │
 ··········································|································|·································
 |  RocketNodeManagerOld                   ·                16.766 (0.000)  ·                16.945 (0.000)  │
 ··········································|································|·································
 |  RocketNodeStaking                      ·                12.812 (0.000)  ·                13.084 (0.000)  │
 ··········································|································|·································
 |  RocketNodeStakingOld                   ·                10.746 (0.000)  ·                10.873 (0.000)  │
 ··········································|································|·································
 |  RocketRewardsPool                      ·                 9.004 (0.000)  ·                 9.182 (0.000)  │
 ··········································|································|·································
 |  RocketRewardsPoolOld                   ·                 9.004 (0.000)  ·                 9.182 (0.000)  │
 ··········································|································|·································
 |  RocketSmoothingPool                    ·                 1.809 (0.000)  ·                 1.979 (0.000)  │
 ··········································|································|·································
 |  RocketStorage                          ·                 8.549 (0.000)  ·                 8.610 (0.000)  │
 ··········································|································|·································
 |  RocketTokenDummyRPL                    ·                 3.498 (0.000)  ·                 4.205 (0.000)  │
 ··········································|································|·································
 |  RocketTokenRETH                        ·                 8.134 (0.000)  ·                 8.563 (0.000)  │
 ··········································|································|·································
 |  RocketTokenRPL                         ·                 7.549 (0.000)  ·                 8.465 (0.000)  │
 ··········································|································|·································
 |  RocketUpgradeOneDotThree               ·                14.247 (0.000)  ·                14.453 (0.000)  │
 ··········································|································|·································
 |  RocketVault                            ·                 7.322 (0.000)  ·                 7.449 (0.000)  │
 ··········································|································|·································
 |  RPLVault                               ·                13.200 (0.000)  ·                13.868 (0.000)  │
 ··········································|································|·································
 |  SafeCast                               ·                 0.084 (0.000)  ·                 0.138 (0.000)  │
 ··········································|································|·································
 |  SafeCast                               ·                 0.084 (0.000)  ·                 0.118 (0.000)  │
 ··········································|································|·································
 |  SafeERC20                              ·                 0.084 (0.000)  ·                 0.118 (0.000)  │
 ··········································|································|·································
 |  SafeERC20                              ·                 0.084 (0.000)  ·                 0.138 (0.000)  │
 ··········································|································|·································
 |  SafeERC20Upgradeable                   ·                 0.084 (0.000)  ·                 0.138 (0.000)  │
 ··········································|································|·································
 |  SafeMath                               ·                 0.084 (0.000)  ·                 0.138 (0.000)  │
 ··········································|································|·································
 |  SafeMath                               ·                 0.084 (0.000)  ·                 0.118 (0.000)  │
 ··········································|································|·································
 |  SignedMath                             ·                 0.084 (0.000)  ·                 0.138 (0.000)  │
 ··········································|································|·································
 |  SignedMathUpgradeable                  ·                 0.084 (0.000)  ·                 0.138 (0.000)  │
 ··········································|································|·································
 |  SignedSafeMath                         ·                 0.084 (0.000)  ·                 0.118 (0.000)  │
 ··········································|································|·································
 |  SnapshotTest                           ·                 1.693 (0.000)  ·                 2.281 (0.000)  │
 ··········································|································|·································
 |  StorageSlot                            ·                 0.084 (0.000)  ·                 0.138 (0.000)  │
 ··········································|································|·································
 |  StorageSlotUpgradeable                 ·                 0.084 (0.000)  ·                 0.138 (0.000)  │
 ··········································|································|·································
 |  Strings                                ·                 0.084 (0.000)  ·                 0.138 (0.000)  │
 ··········································|································|·································
 |  StringsUpgradeable                     ·                 0.084 (0.000)  ·                 0.138 (0.000)  │
 ··········································|································|·································
 |  NodeAccount                       ·                 6.927 (0.000)  ·                 7.314 (0.000)  │
 ··········································|································|·································
 |  NodeAccountFactory                ·                 7.595 (0.000)  ·                 7.982 (0.000)  │
 ··········································|································|·································
 |  WETH                                   ·                 2.941 (0.000)  ·                 3.440 (0.000)  │
 ··········································|································|·································
 |  WETHVault                              ·                15.305 (0.000)  ·                15.973 (0.000)  │
 ··········································|································|·································
 |  Whitelist                              ·                 8.277 (0.000)  ·                 8.665 (0.000)  │
 ··········································|································|·································
 |  WhitelistV2                            ·                 8.308 (0.000)  ·                 8.695 (0.000)  │
 ··········································|································|·································
 |  YieldDistributor                       ·                12.395 (0.000)  ·                12.782 (0.000)  │
 ·-----------------------------------------|--------------------------------|--------------------------------·
rocketNodeManager: 0xaf00be55c9fb8f543c04e0aa0d70351b880c1bfafffd15b60065a4a50c85ec94
rocketTokenRPL: 0x1b80652f417157fe4774177f7d33c8b600483b9193e3f00d2ab1ace8fa6bdc9c
rocketDAOProtocolSettingsNetwork: 0x282fd49dacaf2128d6f069f81013ec59ae7081a236fbad29f69dd2383662ce5c
rocketStorage: 0xce68a690cac84e71aff5511a714548ba234ca18986ba93c3a5574a3f3b577364
rocketNodeStaking: 0x8fc06385de84508eaf7eb3d75b93167987c9629589fe0a868a2b4e0e90862dd8
rocketNodeDeposit: 0xc5f0e8e643416573963c05884a77dfc5eba3461eb8d39b60a0a58aedca955fa5
Deploying contracts with the account: 0x7621940f6068C024Fb3a3eeE2810D5Ad76CEa374
Account balance: 1908674392009253989
rocketpool contracts of interest
rplContract 0x1Cc9cF5586522c6F483E84A19c3C2B0B6d027bF0
networkFeesContract 0x05330300f829AD3fC8f33838BC88CFC4093baD53
rockStorageContract 0x594Fb75D3dc2DFa0150Ad03F99F97817747dd4E1
rocketNodeManagerContract 0x1D174Fb276eD27451097B5A31D3Dc1f316491c0B
predicted directory address 0x8206f15e7842dc43bfa9c4cf2c7da82571a1cf45
init nonce 113
whitelist address 0x7F2152341768b2c4F47C9DBA556130Fa46e9B5Be
vCWETHProxyAbi address 0xF9a442FdA87c87273b4676bA0DDEf1a2Cf20F9f3
vCWETH address 0xF9a442FdA87c87273b4676bA0DDEf1a2Cf20F9f3
HeadersTimeoutError: Headers Timeout Error
Retrying operation, attempts remaining: 3...
ProviderError: No response or no available upstream for eth_getTransactionCount
Retrying operation, attempts remaining: 2...
ProviderError: No response or no available upstream for eth_blockNumber
Retrying operation, attempts remaining: 1...
vCRPLProxyAbi address 0x1c10Dda340917A18AC2ED8D3296e0BF8205F4FA3
vCRPL address 0x1c10Dda340917A18AC2ED8D3296e0BF8205F4FA3
depositPoolProxyAbi address 0xdeFD1eCceC757Ec205509d72C50946699e4d1Bec
depositPool address 0xdeFD1eCceC757Ec205509d72C50946699e4d1Bec
operatorDistributorProxyAbi address 0x024D5A8BC81b5dBD8C437BD42432b37A08459BA2
operatorDistributor address 0x024D5A8BC81b5dBD8C437BD42432b37A08459BA2
yieldDistributorProxyAbi address 0xD01627Ab1bd2b6FaA74ABc7DD5075853BBe87464
yieldDistributor address 0xD01627Ab1bd2b6FaA74ABc7DD5075853BBe87464
oracle address 0xF855147Badd33Bf34C0600064d75044608A8E64A
priceFetcher address 0x2e3B2883C246e8962462E8424d27554f2cb24b4B
sanctions address 0x35DAB7231aadFb7704a44F9105040af1fed8549A
validator factory address 0x50ea5ba8241a3357275a7b0b61735d1b46F4499F
Duplicate definition of SanctionViolation (SanctionViolation(address,address), SanctionViolation(address))
directoryProxyAbi address 0x8206f15E7842dC43BfA9C4Cf2C7dA82571A1cf45
final nonce 125
Duplicate definition of SanctionViolation (SanctionViolation(address,address), SanctionViolation(address))
directory address 0x8206f15E7842dC43BfA9C4Cf2C7dA82571A1cf45
waiting 30 seconds for everything to deploy
Duplicate definition of SanctionViolation (SanctionViolation(address,address), SanctionViolation(address))
Duplicate definition of SanctionViolation (SanctionViolation(address,address), SanctionViolation(address))
timelock role set
Duplicate definition of SanctionViolation (SanctionViolation(address,address), SanctionViolation(address))
protocol role set
