weth address 0x6F314204099AcF1cE11Bb8963F8C394d18a4BCd8
sanctions address 0x4FC563445fC5e99F7048275d4Dde9F66Fc3C70De
whitelist deployed to 0xf226bb918560C0bbC64358814Cf3762622c2D916
vaulted constellation eth deployed to 0x9FEcD310bd95E7e5cb4D8c40DBCDAA012f4F6916
admin oracle deployed to 0xD7AB2E860c1AD7F52a1386396f8c44bE7eea1fa0
vaulted constellation rpl deployed to 0xF24A317ab54869e5Fb8D0bDBEC4fe4d536408926
Fund Router (Deposit Pool) deployed to 0xe7939b4d893eAdfa0D1A966B981A0Ba2eD1A3d25
operator distributor deployed to 0x9BA0682934D782475EA4BC2e90706AE3D209fbC6
yield distributor deployed to 0x631cAf62D9e0ECdAF0B258F7C2e0775a4d6ea6F9
price fetcher deployed to 0xCC2B5808D45b7e891B601731913457D3DD6359c5
admin treasury deployed to 0xEAd1E52d88BF598a1b98E4BA6609991C4E59F189
super node deployed to 0x9D068Cb7356aF643dAB0d8e0A594951aa983A5EB
verify directory input
whitelistProxy.address 0xf226bb918560C0bbC64358814Cf3762622c2D916
vCWETHProxy.address 0x9FEcD310bd95E7e5cb4D8c40DBCDAA012f4F6916
vCRPLProxy.address 0xF24A317ab54869e5Fb8D0bDBEC4fe4d536408926
depositPoolProxy.address 0xe7939b4d893eAdfa0D1A966B981A0Ba2eD1A3d25
operatorDistributorProxy.address 0x9BA0682934D782475EA4BC2e90706AE3D209fbC6
yieldDistributorProxy.address 0x631cAf62D9e0ECdAF0B258F7C2e0775a4d6ea6F9
oracle 0xD7AB2E860c1AD7F52a1386396f8c44bE7eea1fa0
priceFetcherProxy.address 0xCC2B5808D45b7e891B601731913457D3DD6359c5
snap.address 0x9D068Cb7356aF643dAB0d8e0A594951aa983A5EB
rocketStorage 0x594Fb75D3dc2DFa0150Ad03F99F97817747dd4E1
weth 0x6F314204099AcF1cE11Bb8963F8C394d18a4BCd8
uniswapV3 0x23dcDA859fF19b998b41eFEF7346F19b1d3e990C
sanctions 0x4FC563445fC5e99F7048275d4Dde9F66Fc3C70De
Duplicate definition of SanctionViolation (SanctionViolation(address,address), SanctionViolation(address))
Duplicate definition of SanctionViolation (SanctionViolation(address,address), SanctionViolation(address))
directory deployed to 0xfC6C81Ce454abBf1142c6F085f6D29776D6fcCd9
directory matches predicted address 0xfc6c81ce454abbf1142c6f085f6d29776d6fccd9
trying to lazyInitialize superNodeProxy...