·········································|································|·································
 |  RocketUpgradeOneDotThree               ·                14.247 (0.000)  ·                14.453 (0.000)  │
 ··········································|································|·································
 |  RocketVault                            ·                 7.322 (0.000)  ·                 7.449 (0.000)  │
 ··········································|································|·································
 |  RPLVault                               ·                15.127 (0.000)  ·                15.795 (0.000)  │
 ··········································|································|·································
 |  SafeCast                               ·                 0.084 (0.000)  ·                 0.138 (0.000)  │
 ··········································|································|·································
 |  SafeCast                               ·                 0.084 (0.000)  ·                 0.118 (0.000)  │
 ··········································|································|·································
 |  SafeERC20                              ·                 0.084 (0.000)  ·                 0.118 (0.000)  │
 ··········································|································|·································
 |  SafeERC20                              ·                 0.084 (0.000)  ·                 0.138 (0.000)  │
 ··········································|································|·································
 |  SafeERC20Upgradeable                   ·                 0.084 (0.000)  ·                 0.138 (0.000)  │
 ··········································|································|·································
 |  SafeMath                               ·                 0.084 (0.000)  ·                 0.138 (0.000)  │
 ··········································|································|·································
 |  SafeMath                               ·                 0.084 (0.000)  ·                 0.118 (0.000)  │
 ··········································|································|·································
 |  SignedMath                             ·                 0.084 (0.000)  ·                 0.138 (0.000)  │
 ··········································|································|·································
 |  SignedMathUpgradeable                  ·                 0.084 (0.000)  ·                 0.138 (0.000)  │
 ··········································|································|·································
 |  SignedSafeMath                         ·                 0.084 (0.000)  ·                 0.118 (0.000)  │
 ··········································|································|·································
 |  SnapshotTest                           ·                 1.693 (0.000)  ·                 2.281 (0.000)  │
 ··········································|································|·································
 |  StorageSlotUpgradeable                 ·                 0.084 (0.000)  ·                 0.138 (0.000)  │
 ··········································|································|·································
 |  Strings                                ·                 0.084 (0.000)  ·                 0.138 (0.000)  │
 ··········································|································|·································
 |  StringsUpgradeable                     ·                 0.084 (0.000)  ·                 0.138 (0.000)  │
 ··········································|································|·································
 |  SuperNodeAccount                       ·                18.653 (0.000)  ·                19.041 (0.000)  │
 ··········································|································|·································
 |  Treasury                               ·                 6.441 (0.000)  ·                 7.109 (0.000)  │
 ··········································|································|·································
 |  WETH                                   ·                 2.941 (0.000)  ·                 3.440 (0.000)  │
 ··········································|································|·································
 |  WETHVault                              ·                20.299 (0.000)  ·                20.967 (0.000)  │
 ··········································|································|·································
 |  Whitelist                              ·                10.674 (0.000)  ·                11.062 (0.000)  │
 ··········································|································|·································
 |  WhitelistV2                            ·                10.720 (0.000)  ·                11.107 (0.000)  │
 ··········································|································|·································
 |  XRETHAdminOracle                       ·                 5.834 (0.000)  ·                 6.502 (0.000)  │
 ··········································|································|·································
 |  XRETHOracle                            ·                 3.576 (0.000)  ·                 4.244 (0.000)  │
 ··········································|································|·································
 |  NodeSetOperatorRewardDistributor                       ·                13.760 (0.000)  ·                14.147 (0.000)  │
 ·-----------------------------------------|--------------------------------|--------------------------------·
(node:59011) [DEP0040] DeprecationWarning: The `punycode` module is deprecated. Please use a userland alternative instead.
(Use `node --trace-deprecation ...` to show where the warning was created)
Warning: All subsequent Upgrades warnings will be silenced.

    Make sure you have manually checked all uses of unsafe flags.

weth address 0xB7160D894C0931B0712ca63DB5D9c3EDED826Ca5
sanctions address 0x235912Afc29e2dfC82db8D0dad766Bea5148d7c5
whitelist deployed to 0x8c0E4793B783EbB4B4a9b680168B916217B71aB8
vaulted constellation eth deployed to 0x35243B933B99b31805fd7C4CEA145579ba4Ac93f
admin oracle deployed to 0xd39365642cb223bef997C850DB5FF6Dc7B6bda37
vaulted constellation rpl deployed to 0x5B162Dbf63062F3189d5842F8d49aF29cf934E3E
Fund Router (Deposit Pool) deployed to 0xE75a8C57C27B01009934453d269459365a3Bf820
operator distributor deployed to 0xaCf3B624DC0bD386E0Bf72f41040Eb4f5314eA36
yield distributor deployed to 0x58b19EBCA188FBdB4D3335692d8c3af4dc29FE5c
price fetcher deployed to 0x7E695501bfd8A2DEcBb56444B8A6a6C490FdfC5c
admin treasury deployed to 0x3ab215cA595A9E02eb6f9bCB4Dab356fD83dA929
super node deployed to 0x284234427Fa4d64D471650053D9EAF43a89d42e6
verify directory input
whitelistProxy.address 0x8c0E4793B783EbB4B4a9b680168B916217B71aB8
vCWETHProxy.address 0x35243B933B99b31805fd7C4CEA145579ba4Ac93f
vCRPLProxy.address 0x5B162Dbf63062F3189d5842F8d49aF29cf934E3E
depositPoolProxy.address 0xE75a8C57C27B01009934453d269459365a3Bf820
operatorDistributorProxy.address 0xaCf3B624DC0bD386E0Bf72f41040Eb4f5314eA36
yieldDistributorProxy.address 0x58b19EBCA188FBdB4D3335692d8c3af4dc29FE5c
oracle 0xd39365642cb223bef997C850DB5FF6Dc7B6bda37
priceFetcherProxy.address 0x7E695501bfd8A2DEcBb56444B8A6a6C490FdfC5c
snap.address 0x284234427Fa4d64D471650053D9EAF43a89d42e6
rocketStorage 0x594Fb75D3dc2DFa0150Ad03F99F97817747dd4E1
weth 0xB7160D894C0931B0712ca63DB5D9c3EDED826Ca5
sanctions 0x235912Afc29e2dfC82db8D0dad766Bea5148d7c5
Duplicate definition of SanctionViolation (SanctionViolation(address,address), SanctionViolation(address))
directory deployed to 0xac1B4894243686678d16ca1Fb1498abd3A2f66Ee
directory matches predicted address 0xac1b4894243686678d16ca1fb1498abd3a2f66ee
trying to lazyInitialize superNodeProxy...
Duplicate definition of SanctionViolation (SanctionViolation(address,address), SanctionViolation(address))
Duplicate definition of SanctionViolation (SanctionViolation(address,address), SanctionViolation(address))
Duplicate definition of SanctionViolation (SanctionViolation(address,address), SanctionViolation(address))
timelock short role set
Duplicate definition of SanctionViolation (SanctionViolation(address,address), SanctionViolation(address))
timelock med role set
Duplicate definition of SanctionViolation (SanctionViolation(address,address), SanctionViolation(address))
timelock long role set
Duplicate definition of SanctionViolation (SanctionViolation(address,address), SanctionViolation(address))
protocol role set