

Deploying a new implementation contract using Factory: your_factory_name_here
Deploying contract using Factory: your_factory_name_here



Deploying a new implementation contract using Factory: your_factory_name_here
Deploying contract using Factory: your_factory_name_here



Deploying a new implementation contract using Factory: your_factory_name_here
Deploying contract using Factory: your_factory_name_here



Deploying a new implementation contract using Factory: your_factory_name_here
Deploying contract using Factory: your_factory_name_here



Deploying a new implementation contract using Factory: your_factory_name_here
Deploying contract using Factory: your_factory_name_here



Deploying a new implementation contract using Factory: your_factory_name_here
Deploying contract using Factory: your_factory_name_here



Deploying a new implementation contract using Factory: your_factory_name_here
Deploying contract using Factory: your_factory_name_here



Deploying a new implementation contract using Factory: your_factory_name_here
Deploying contract using Factory: your_factory_name_here



Deploying a new implementation contract using Factory: your_factory_name_here
Deploying contract using Factory: your_factory_name_here



Deploying a new implementation contract using Factory: Whitelist
Deploying contract using Factory: Whitelist
Contract deployed at address: 0x8E45C0936fa1a65bDaD3222bEFeC6a03C83372cE
New implementation contract deployed at address: 0x8E45C0936fa1a65bDaD3222bEFeC6a03C83372cE
Upgrading proxy at address: 0x3fdc08D815cc4ED3B7F69Ee246716f2C8bCD6b07 to new implementation at: 0x8E45C0936fa1a65bDaD3222bEFeC6a03C83372cE
Upgrading proxy at address: 0x3fdc08D815cc4ED3B7F69Ee246716f2C8bCD6b07 to new implementation: Whitelist
Proxy upgraded. Implementation is now at: 0x3fdc08D815cc4ED3B7F69Ee246716f2C8bCD6b07
Proxy successfully upgraded.


Deploying a new implementation contract using Factory: WETHVault
Deploying contract using Factory: WETHVault
Contract deployed at address: 0x262e2b50219620226C5fB5956432A88fffd94Ba7
New implementation contract deployed at address: 0x262e2b50219620226C5fB5956432A88fffd94Ba7
Upgrading proxy at address: 0xb868Cc77A95a65F42611724AF05Aa2d3B6Ec05F2 to new implementation at: 0x262e2b50219620226C5fB5956432A88fffd94Ba7
Upgrading proxy at address: 0xb868Cc77A95a65F42611724AF05Aa2d3B6Ec05F2 to new implementation: WETHVault
Proxy upgraded. Implementation is now at: 0xb868Cc77A95a65F42611724AF05Aa2d3B6Ec05F2
Proxy successfully upgraded.


Deploying a new implementation contract using Factory: RPLVault
Deploying contract using Factory: RPLVault
Contract deployed at address: 0xd710a67624Ad831683C86a48291c597adE30F787
New implementation contract deployed at address: 0xd710a67624Ad831683C86a48291c597adE30F787
Upgrading proxy at address: 0x0c626FC4A447b01554518550e30600136864640B to new implementation at: 0xd710a67624Ad831683C86a48291c597adE30F787
Upgrading proxy at address: 0x0c626FC4A447b01554518550e30600136864640B to new implementation: RPLVault
Proxy upgraded. Implementation is now at: 0x0c626FC4A447b01554518550e30600136864640B
Proxy successfully upgraded.


Deploying a new implementation contract using Factory: OperatorDistributor
Deploying contract using Factory: OperatorDistributor
Contract deployed at address: 0xAD2935E147b61175D5dc3A9e7bDa93B0975A43BA
New implementation contract deployed at address: 0xAD2935E147b61175D5dc3A9e7bDa93B0975A43BA
Upgrading proxy at address: 0x2A590C461Db46bca129E8dBe5C3998A8fF402e76 to new implementation at: 0xAD2935E147b61175D5dc3A9e7bDa93B0975A43BA
Upgrading proxy at address: 0x2A590C461Db46bca129E8dBe5C3998A8fF402e76 to new implementation: OperatorDistributor
Proxy upgraded. Implementation is now at: 0x2A590C461Db46bca129E8dBe5C3998A8fF402e76
Proxy successfully upgraded.


Deploying a new implementation contract using Factory: MerkleClaimStreamer
Deploying contract using Factory: MerkleClaimStreamer
Contract deployed at address: 0x2e8880cAdC08E9B438c6052F5ce3869FBd6cE513
New implementation contract deployed at address: 0x2e8880cAdC08E9B438c6052F5ce3869FBd6cE513
Upgrading proxy at address: 0x2F54D1563963fC04770E85AF819c89Dc807f6a06 to new implementation at: 0x2e8880cAdC08E9B438c6052F5ce3869FBd6cE513
Upgrading proxy at address: 0x2F54D1563963fC04770E85AF819c89Dc807f6a06 to new implementation: MerkleClaimStreamer
Proxy upgraded. Implementation is now at: 0x2F54D1563963fC04770E85AF819c89Dc807f6a06
Proxy successfully upgraded.


Deploying a new implementation contract using Factory: NodeSetOperatorRewardDistributor
Deploying contract using Factory: NodeSetOperatorRewardDistributor
Contract deployed at address: 0xeC827421505972a2AE9C320302d3573B42363C26
New implementation contract deployed at address: 0xeC827421505972a2AE9C320302d3573B42363C26
Upgrading proxy at address: 0x9849832a1d8274aaeDb1112ad9686413461e7101 to new implementation at: 0xeC827421505972a2AE9C320302d3573B42363C26
Upgrading proxy at address: 0x9849832a1d8274aaeDb1112ad9686413461e7101 to new implementation: NodeSetOperatorRewardDistributor



Deploying a new implementation contract using Factory: PriceFetcher
Deploying contract using Factory: PriceFetcher
Contract deployed at address: 0x3f9A1B67F3a3548e0ea5c9eaf43A402d12b6a273
New implementation contract deployed at address: 0x3f9A1B67F3a3548e0ea5c9eaf43A402d12b6a273
Upgrading proxy at address: 0x8ac5eE52F70AE01dB914bE459D8B3d50126fd6aE to new implementation at: 0x3f9A1B67F3a3548e0ea5c9eaf43A402d12b6a273
Upgrading proxy at address: 0x8ac5eE52F70AE01dB914bE459D8B3d50126fd6aE to new implementation: PriceFetcher
Proxy upgraded. Implementation is now at: 0x8ac5eE52F70AE01dB914bE459D8B3d50126fd6aE
Proxy successfully upgraded.


Deploying a new implementation contract using Factory: SuperNodeAccount
Deploying contract using Factory: SuperNodeAccount
Contract deployed at address: 0x1D13fF25b10C9a6741DFdce229073bed652197c7
New implementation contract deployed at address: 0x1D13fF25b10C9a6741DFdce229073bed652197c7
Upgrading proxy at address: 0x627b9A657eac8c3463AD17009a424dFE3FDbd0b1 to new implementation at: 0x1D13fF25b10C9a6741DFdce229073bed652197c7
Upgrading proxy at address: 0x627b9A657eac8c3463AD17009a424dFE3FDbd0b1 to new implementation: SuperNodeAccount
Proxy upgraded. Implementation is now at: 0x627b9A657eac8c3463AD17009a424dFE3FDbd0b1
Proxy successfully upgraded.
