SuperNodeAccount proxy address: 0x2A906f92B0378Bb19a3619E2751b1e0b8cab6B29
Deployed new implementation contract for SuperNodeAccount: 0xe8D8A6Bd1eC2505cF7eb0C42F6E4Bd94d95d723f
Encoding upgradeTo for SuperNodeAccount at 0xe8D8A6Bd1eC2505cF7eb0C42F6E4Bd94d95d723f
Encoding upgradeTo with new implementation: 0xe8D8A6Bd1eC2505cF7eb0C42F6E4Bd94d95d723f
Encoded proposal data:
Function 1: 0x3659cfe6000000000000000000000000e8d8a6bd1ec2505cf7eb0c42f6e4bd94d95d723f
OperatorDistributor proxy address: 0x102809fE582ecaa527bB316DCc4E99fc35FBAbb9
Deployed new implementation contract for OperatorDistributor: 0x1044958261F0a3DFf363313FC94f7eA69aC935A1
Encoding upgradeTo for OperatorDistributor at 0x1044958261F0a3DFf363313FC94f7eA69aC935A1
Encoding upgradeTo with new implementation: 0x1044958261F0a3DFf363313FC94f7eA69aC935A1
Encoded proposal data:
Function 1: 0x3659cfe60000000000000000000000001044958261f0a3dff363313fc94f7ea69ac935a1
RPLVault proxy address: 0x1DB1Afd9552eeB28e2e36597082440598B7F1320
Deployed new implementation contract for RPLVault: 0xC730c6a1a4b61CF9A0B71532015bfFf482f654D5
Encoding upgradeTo for RPLVault at 0xC730c6a1a4b61CF9A0B71532015bfFf482f654D5
Encoding upgradeTo with new implementation: 0xC730c6a1a4b61CF9A0B71532015bfFf482f654D5
Encoded proposal data:
Function 1: 0x3659cfe6000000000000000000000000c730c6a1a4b61cf9a0b71532015bfff482f654d5
WETHVault proxy address: 0xBB22d59B73D7a6F3A8a83A214BECc67Eb3b511fE
Encoded proposal data:
Function 1: 0x0b17625a
Deployed new implementation contract for WETHVault: 0x767b901B7Eb64133e82F6531614b66cb235E4c71
Encoding upgradeToAndCall for WETHVault at 0x767b901B7Eb64133e82F6531614b66cb235E4c71 and function data: 0x0b17625a
Encoding upgradeToAndCall with new implementation: 0x767b901B7Eb64133e82F6531614b66cb235E4c71 and data: 0x0b17625a
Encoded proposal data:
Function 1: 0x4f1ef286000000000000000000000000767b901b7eb64133e82f6531614b66cb235e4c71000000000000000000000000000000000000000000000000000000000000004000000000000000000000000000000000000000000000000000000000000000040b17625a00000000000000000000000000000000000000000000000000000000


==== TRANSACTION DATA ====
Timelock:
0x4d5fe1b3f6b8f830b3b14c56dc3a938af1d8abec
Targets:
[0x2A906f92B0378Bb19a3619E2751b1e0b8cab6B29, 0x102809fE582ecaa527bB316DCc4E99fc35FBAbb9, 0x1DB1Afd9552eeB28e2e36597082440598B7F1320,0xBB22d59B73D7a6F3A8a83A214BECc67Eb3b511fE]
Values:
[0,0,0,0]
Payloads:
[0x3659cfe6000000000000000000000000e8d8a6bd1ec2505cf7eb0c42f6e4bd94d95d723f, 0x3659cfe60000000000000000000000001044958261f0a3dff363313fc94f7ea69ac935a1, 0x3659cfe6000000000000000000000000c730c6a1a4b61cf9a0b71532015bfff482f654d5,0x4f1ef286000000000000000000000000767b901b7eb64133e82f6531614b66cb235e4c71000000000000000000000000000000000000000000000000000000000000004000000000000000000000000000000000000000000000000000000000000000040b17625a00000000000000000000000000000000000000000000000000000000]
Predecessor:
0x0000000000000000000000000000000000000000000000000000000000000000
Salt:
0x0000000000000000000000000000000000000000000000000000000000000000